[f-nh-s.github.io/Personal-Website/index.html]
[backblue.gif]
[fade.gif]
[index.html]
[media.discordapp.net/attachments/863680195747381258/864428622729969684/Msk-Square0810.jpg]
[f-nh-s.github.io/Personal-Website/assets/img/CRLN.gif]
[f-nh-s.github.io/Personal-Website/assets/img/RMRP.gif]
[f-nh-s.github.io/Personal-Website/assets/img/Product-1.jpg]
[f-nh-s.github.io/Personal-Website/assets/img/Other-1.jpg]
[f-nh-s.github.io/Personal-Website/assets/img/Product-3.jpg]
[f-nh-s.github.io/Personal-Website/assets/img/Toys-1.jpg]
[f-nh-s.github.io/Personal-Website/assets/img/Product-2.jpg]
[f-nh-s.github.io/Personal-Website/assets/img/Other-3.jpg]
[f-nh-s.github.io/Personal-Website/assets/img/Other-4.jpg]
[f-nh-s.github.io/Personal-Website/assets/img/Toys-2.jpg]
[f-nh-s.github.io/Personal-Website/.assets/img/Other-5.jpg]
[f-nh-s.github.io/Personal-Website/.assets/img/home-bg.jpg]
[kit.fontawesome.com/52d15a7533.js]
[f-nh-s.github.io/Personal-Website/assets/vendor/bootstrap/css/bootstrap.min.css]
[f-nh-s.github.io/Personal-Website/assets/vendor/bootstrap-icons/bootstrap-icons.css]
[f-nh-s.github.io/Personal-Website/assets/vendor/boxicons/css/boxicons.min.css]
[f-nh-s.github.io/Personal-Website/assets/vendor/glightbox/css/glightbox.min.css]
[f-nh-s.github.io/Personal-Website/assets/vendor/swiper/swiper-bundle.min.css]
[f-nh-s.github.io/Personal-Website/assets/css/style.css]
[f-nh-s.github.io/Personal-Website/index-2.html]
[f-nh-s.github.io/Personal-Website/assets/img/Msk.jpg]
[f-nh-s.github.io/Personal-Website/assets/img/Product-2-P.jpg]
[f-nh-s.github.io/Personal-Website/assets/img/Other-4-P.jpg]
[f-nh-s.github.io/Personal-Website/assets/img/Other-5.jpg]
[f-nh-s.github.io/Personal-Website/assets/img/School.png]
[f-nh-s.github.io/Personal-Website/assets/img/Ideal.png]
[f-nh-s.github.io/Personal-Website/assets/vendor/bootstrap/js/bootstrap.bundle.min.js]
[f-nh-s.github.io/Personal-Website/assets/vendor/glightbox/js/glightbox.min.js]
[f-nh-s.github.io/Personal-Website/assets/vendor/isotope-layout/isotope.pkgd.min.js]
[f-nh-s.github.io/Personal-Website/assets/vendor/php-email-form/validate.js]
[f-nh-s.github.io/Personal-Website/assets/vendor/swiper/swiper-bundle.min.js]
[f-nh-s.github.io/Personal-Website/assets/vendor/typed.js/typed.min.js]
[f-nh-s.github.io/Personal-Website/assets/js/main.js]
[f-nh-s.github.io/Personal-Website/index.html]
[f-nh-s.github.io/Personal-Website/.assets/img/Other-5.html]
[f-nh-s.github.io/Personal-Website/.assets/img/home-bg.html]
[f-nh-s.github.io/Personal-Website/assets/vendor/bootstrap/css/bootstrap.min.css]
[f-nh-s.github.io/Personal-Website/assets/vendor/bootstrap-icons/fonts/bootstrap-icons63f3.woff2]
[f-nh-s.github.io/Personal-Website/assets/vendor/bootstrap-icons/fonts/bootstrap-icons63f3.woff]
[f-nh-s.github.io/Personal-Website/assets/vendor/bootstrap-icons/bootstrap-icons.css]
[f-nh-s.github.io/Personal-Website/assets/vendor/boxicons/fonts/boxicons.eot]
[f-nh-s.github.io/Personal-Website/assets/vendor/boxicons/fonts/boxicons.woff2]
[f-nh-s.github.io/Personal-Website/assets/vendor/boxicons/fonts/boxicons.woff]
[f-nh-s.github.io/Personal-Website/assets/vendor/boxicons/fonts/boxicons.ttf]
[f-nh-s.github.io/Personal-Website/assets/vendor/boxicons/css/boxicons.min.css]
[f-nh-s.github.io/Personal-Website/assets/vendor/glightbox/css/glightbox.min.css]
[f-nh-s.github.io/Personal-Website/assets/vendor/swiper/swiper-bundle.min.css]
[f-nh-s.github.io/Personal-Website/assets/vendor/boxicons/fonts/boxiconsd41d.svg]
[f-nh-s.github.io/Personal-Website/assets/img/home-bg.jpg]
[f-nh-s.github.io/Personal-Website/assets/css/style.css]
[f-nh-s.github.io/Personal-Website/index-2.html]
[f-nh-s.github.io/Personal-Website/assets/vendor/boxicons/fonts/boxiconsd41d.svg]
